app/build/intermediates/manifest_merge_blame_file/debug/processDebugMainManifest/manifest-merger-blame-debug-report.txt
1<?xml version="1.0" encoding="utf-8"?>
2<manifest xmlns:android="http://schemas.android.com/apk/res/android"
3    package="com.novadash.game"
4    android:versionCode="1"
5    android:versionName="1.0" >
6
7    <uses-sdk
8        android:minSdkVersion="21"
9        android:targetSdkVersion="34" />
10
11    <application
11-->src\main\AndroidManifest.xml:4:5-21:19
12        android:allowBackup="true"
12-->src\main\AndroidManifest.xml:5:9-35
13        android:debuggable="true"
14        android:extractNativeLibs="true"
15        android:label="@string/app_name"
15-->src\main\AndroidManifest.xml:6:9-41
16        android:supportsRtl="true"
16-->src\main\AndroidManifest.xml:7:9-35
17        android:testOnly="true"
18        android:theme="@style/AppTheme" >
18-->src\main\AndroidManifest.xml:8:9-40
19        <activity
19-->src\main\AndroidManifest.xml:10:9-19:20
20            android:name="com.novadash.game.MainActivity"
20-->src\main\AndroidManifest.xml:11:13-41
21            android:configChanges="orientation|screenSize|keyboardHidden"
21-->src\main\AndroidManifest.xml:12:13-74
22            android:exported="true"
22-->src\main\AndroidManifest.xml:13:13-36
23            android:screenOrientation="portrait" >
23-->src\main\AndroidManifest.xml:14:13-49
24            <intent-filter>
24-->src\main\AndroidManifest.xml:15:13-18:29
25                <action android:name="android.intent.action.MAIN" />
25-->src\main\AndroidManifest.xml:16:17-69
25-->src\main\AndroidManifest.xml:16:25-66
26
27                <category android:name="android.intent.category.LAUNCHER" />
27-->src\main\AndroidManifest.xml:17:17-77
27-->src\main\AndroidManifest.xml:17:27-74
28            </intent-filter>
29        </activity>
30    </application>
31
32</manifest>